\BOOKMARK [0][-]{chapter.1}{\376\377\000W\000s\000t\001\031\000p}{}% 1
\BOOKMARK [1][-]{section.1.1}{\376\377\000W\000p\000r\000o\000w\000a\000d\000z\000e\000n\000i\000e\000\040\000w\000\040\000p\000r\000o\000b\000l\000e\000m}{chapter.1}% 2
\BOOKMARK [1][-]{section.1.2}{\376\377\000O\000s\000a\000d\000z\000e\000n\000i\000e\000\040\000p\000r\000o\000b\000l\000e\000m\000u\000\040\000w\000\040\000d\000z\000i\000e\000d\000z\000i\000n\000i\000e}{chapter.1}% 3
\BOOKMARK [1][-]{section.1.3}{\376\377\000C\000e\000l\000\040\000p\000r\000a\000c\000y}{chapter.1}% 4
\BOOKMARK [1][-]{section.1.4}{\376\377\000Z\000a\000k\000r\000e\000s\000\040\000p\000r\000a\000c\000y}{chapter.1}% 5
\BOOKMARK [1][-]{section.1.5}{\376\377\000Z\000w\000i\001\031\000z\001\102\000a\000\040\000c\000h\000a\000r\000a\000k\000t\000e\000r\000y\000s\000t\000y\000k\000a\000\040\000r\000o\000z\000d\000z\000i\000a\001\102\000\363\000w}{chapter.1}% 6
\BOOKMARK [1][-]{section.1.6}{\376\377\000W\000k\001\102\000a\000d\000\040\000a\000u\000t\000o\000r\000a}{chapter.1}% 7
\BOOKMARK [0][-]{chapter.2}{\376\377\000A\000n\000a\000l\000i\000z\000a\000\040\000t\000e\000m\000a\000t\000u}{}% 8
\BOOKMARK [1][-]{section.2.1}{\376\377\000S\000f\000o\000r\000m\000u\001\102\000o\000w\000a\000n\000i\000e\000\040\000p\000r\000o\000b\000l\000e\000m\000u}{chapter.2}% 9
\BOOKMARK [1][-]{section.2.2}{\376\377\000O\000s\000a\000d\000z\000e\000n\000i\000e\000\040\000t\000e\000m\000a\000t\000u\000\040\000w\000\040\000k\000o\000n\000t\000e\000k\001\133\000c\000i\000e\000\040\000a\000k\000t\000u\000a\000l\000n\000e\000g\000o\000\040\000s\000t\000a\000n\000u\000\040\000w\000i\000e\000d\000z\000y\000\040\000\050\000s\000t\000a\000t\000e\000\040\000o\000f\000\040\000t\000h\000e\000\040\000a\000r\000t\000\051}{chapter.2}% 10
\BOOKMARK [1][-]{section.2.3}{\376\377\000S\000t\000u\000d\000i\000a\000\040\000l\000i\000t\000e\000r\000a\000t\000u\000r\000o\000w\000e}{chapter.2}% 11
\BOOKMARK [2][-]{subsection.2.3.1}{\376\377\000O\000p\000r\000a\000c\000o\000w\000a\000n\000i\000e\000\040\000s\000y\000s\000t\000e\000m\000u\000\040\000w\000i\000z\000y\000j\000n\000e\000g\000o}{section.2.3}% 12
\BOOKMARK [2][-]{subsection.2.3.2}{\376\377\000O\000p\000r\000a\000c\000o\000w\000a\000n\000i\000e\000\040\000s\000y\000s\000t\000e\000m\000u\000\040\000k\000o\000n\000t\000r\000o\000l\000i\000\040\000s\000i\000l\000n\000i\000k\000\363\000w}{section.2.3}% 13
\BOOKMARK [0][-]{chapter.3}{\376\377\000Z\000a\001\102\000o\001\174\000e\000n\000i\000a\000\040\000w\000s\000t\001\031\000p\000n\000e}{}% 14
\BOOKMARK [1][-]{section.3.1}{\376\377\000W\000y\000m\000a\000g\000a\000n\000i\000a\000\040\000f\000u\000n\000k\000c\000j\000o\000n\000a\000l\000n\000e\000\040\000i\000\040\000n\000i\000e\000f\000u\000n\000k\000c\000j\000o\000n\000a\000l\000n\000e}{chapter.3}% 15
\BOOKMARK [1][-]{section.3.2}{\376\377\000P\000r\000z\000y\000p\000a\000d\000k\000i\000\040\000u\001\174\000y\000c\000i\000a\000\040\000i\000\040\000d\000i\000a\000g\000r\000a\000m\000y\000\040\000U\000M\000L}{chapter.3}% 16
\BOOKMARK [1][-]{section.3.3}{\376\377\000O\000p\000i\000s\000\040\000w\000y\000k\000o\000r\000z\000y\000s\000t\000a\000n\000e\000g\000o\000\040\000s\000p\000r\000z\001\031\000t\000u\000\040\000e\000l\000e\000k\000t\000r\000o\000n\000i\000c\000z\000n\000e\000g\000o}{chapter.3}% 17
\BOOKMARK [1][-]{section.3.4}{\376\377\000M\000e\000t\000o\000d\000y\000k\000a\000\040\000p\000r\000a\000c\000y\000\040\000i\000\040\000e\000t\000a\000p\000y\000\040\000p\000r\000o\000j\000e\000k\000t\000u}{chapter.3}% 18
\BOOKMARK [0][-]{chapter.4}{\376\377\000P\000o\000d\000s\000t\000a\000w\000y\000\040\000t\000e\000o\000r\000e\000t\000y\000c\000z\000n\000e}{}% 19
\BOOKMARK [1][-]{section.4.1}{\376\377\000E\000n\000k\000o\000d\000e\000r\000y}{chapter.4}% 20
\BOOKMARK [2][-]{subsection.4.1.1}{\376\377\000E\000n\000k\000o\000d\000e\000r\000y\000\040\000k\000w\000a\000d\000r\000a\000t\000u\000r\000o\000w\000e}{section.4.1}% 21
\BOOKMARK [2][-]{subsection.4.1.2}{\376\377\000E\000n\000k\000o\000d\000e\000r\000y\000\040\000k\000w\000a\000d\000r\000a\000t\000u\000r\000o\000w\000e\000\040\000w\000\040\000o\000d\000o\000m\000e\000t\000r\000i\000i}{section.4.1}% 22
\BOOKMARK [1][-]{section.4.2}{\376\377\000R\000e\000g\000u\000l\000a\000t\000o\000r\000\040\000P\000I\000D}{chapter.4}% 23
\BOOKMARK [1][-]{section.4.3}{\376\377\000P\000o\000d\000s\000t\000a\000w\000y\000\040\000w\000y\000k\000r\000y\000w\000a\000n\000i\000a\000\040\000k\000r\000a\000w\001\031\000d\000z\000i\000\040\000w\000\040\000w\000i\000z\000j\000i\000\040\000k\000o\000m\000p\000u\000t\000e\000r\000o\000w\000e\000j}{chapter.4}% 24
\BOOKMARK [1][-]{section.4.4}{\376\377\000P\000o\000d\000s\000t\000a\000w\000y\000\040\000r\000o\000z\000p\000o\000z\000n\000a\000w\000a\000n\000i\000a\000\040\000k\000o\000l\000o\000r\000\363\000w\000\040\000w\000\040\000w\000i\000z\000j\000i\000\040\000k\000o\000m\000p\000u\000t\000e\000r\000o\000w\000e\000j}{chapter.4}% 25
\BOOKMARK [0][-]{chapter.5}{\376\377\000W\000y\000m\000a\000g\000a\000n\000i\000a\000\040\000i\000\040\000s\000p\000e\000c\000y\000f\000i\000k\000a\000c\000j\000a\000\040\000u\001\174\000y\000t\000k\000o\000w\000a}{}% 26
\BOOKMARK [1][-]{section.5.1}{\376\377\000W\000y\000m\000a\000g\000a\000n\000i\000a\000\040\000s\000p\000r\000z\001\031\000t\000o\000w\000e\000\040\000i\000\040\000p\000r\000o\000g\000r\000a\000m\000o\000w\000e}{chapter.5}% 27
\BOOKMARK [1][-]{section.5.2}{\376\377\000S\000p\000o\000s\000\363\000b\000\040\000i\000n\000s\000t\000a\000l\000a\000c\000j\000i}{chapter.5}% 28
\BOOKMARK [2][-]{subsection.5.2.1}{\376\377\000I\000n\000s\000t\000a\000l\000a\000c\000j\000a\000\040\000s\000y\000s\000t\000e\000m\000u\000\040\000o\000p\000e\000r\000a\000c\000y\000j\000n\000e\000g\000o}{section.5.2}% 29
\BOOKMARK [2][-]{subsection.5.2.2}{\376\377\000A\000k\000t\000u\000a\000l\000i\000z\000a\000c\000j\000a\000\040\000s\000y\000s\000t\000e\000m\000u}{section.5.2}% 30
\BOOKMARK [2][-]{subsection.5.2.3}{\376\377\000I\000n\000s\000t\000a\000l\000a\000c\000j\000a\000\040\000P\000y\000t\000h\000o\000n}{section.5.2}% 31
\BOOKMARK [2][-]{subsection.5.2.4}{\376\377\000I\000n\000s\000t\000a\000l\000a\000c\000j\000a\000\040\000O\000p\000e\000n\000C\000V}{section.5.2}% 32
\BOOKMARK [2][-]{subsection.5.2.5}{\376\377\000I\000n\000s\000t\000a\000l\000a\000c\000j\000a\000\040\000L\000i\000b\000c\000a\000m\000e\000r\000a\0002}{section.5.2}% 33
\BOOKMARK [2][-]{subsection.5.2.6}{\376\377\000I\000n\000s\000t\000a\000l\000a\000c\000j\000a\000\040\000R\000P\000i\000.\000G\000P\000I\000O}{section.5.2}% 34
\BOOKMARK [2][-]{subsection.5.2.7}{\376\377\000W\000e\000r\000y\000f\000i\000k\000a\000c\000j\000a\000\040\000i\000n\000s\000t\000a\000l\000a\000c\000j\000i\000\040\000p\000a\000k\000i\000e\000t\000\363\000w}{section.5.2}% 35
\BOOKMARK [2][-]{subsection.5.2.8}{\376\377\000S\000p\000o\000s\000\363\000b\000\040\000a\000k\000t\000y\000w\000a\000c\000j\000i}{section.5.2}% 36
\BOOKMARK [2][-]{subsection.5.2.9}{\376\377\000K\000a\000t\000e\000g\000o\000r\000i\000e\000\040\000u\001\174\000y\000t\000k\000o\000w\000n\000i\000k\000\363\000w}{section.5.2}% 37
\BOOKMARK [2][-]{subsection.5.2.10}{\376\377\000S\000p\000o\000s\000\363\000b\000\040\000o\000b\000s\001\102\000u\000g\000i}{section.5.2}% 38
\BOOKMARK [2][-]{subsection.5.2.11}{\376\377\000K\000w\000e\000s\000t\000i\000e\000\040\000b\000e\000z\000p\000i\000e\000c\000z\000e\001\104\000s\000t\000w\000a}{section.5.2}% 39
\BOOKMARK [2][-]{subsection.5.2.12}{\376\377\000P\000r\000z\000y\000k\001\102\000a\000d\000\040\000d\000z\000i\000a\001\102\000a\000n\000i\000a}{section.5.2}% 40
\BOOKMARK [2][-]{subsection.5.2.13}{\376\377\000S\000c\000e\000n\000a\000r\000i\000u\000s\000z\000e\000\040\000k\000o\000r\000z\000y\000s\000t\000a\000n\000i\000a\000\040\000z\000\040\000s\000y\000s\000t\000e\000m\000u}{section.5.2}% 41
\BOOKMARK [0][-]{chapter.6}{\376\377\000S\000p\000e\000c\000y\000f\000i\000k\000a\000c\000j\000a\000\040\000t\000e\000c\000h\000n\000i\000c\000z\000n\000a}{}% 42
\BOOKMARK [0][-]{chapter.7}{\376\377\000W\000e\000r\000y\000f\000i\000k\000a\000c\000j\000a\000\040\000i\000\040\000w\000a\000l\000i\000d\000a\000c\000j\000a}{}% 43
\BOOKMARK [0][-]{chapter*.17}{\376\377\000B\000i\000b\000l\000i\000o\000g\000r\000a\000f\000i\000a}{}% 44
\BOOKMARK [0][-]{appendix*.18}{\376\377\000P\000o\000d\000s\000u\000m\000o\000w\000a\000n\000i\000e\000\040\000i\000\040\000w\000n\000i\000o\000s\000k\000i}{}% 45
\BOOKMARK [0][-]{appendix*.19}{\376\377\000S\000p\000i\000s\000\040\000s\000k\000r\000\363\000t\000\363\000w\000\040\000i\000\040\000s\000y\000m\000b\000o\000l\000i}{}% 46
\BOOKMARK [0][-]{appendix*.20}{\376\377\001\171\000r\000\363\000d\001\102\000a}{}% 47
\BOOKMARK [0][-]{appendix*.21}{\376\377\000S\000p\000i\000s\000\040\000r\000y\000s\000u\000n\000k\000\363\000w}{}% 48
\BOOKMARK [0][-]{appendix*.22}{\376\377\000S\000p\000i\000s\000\040\000t\000a\000b\000e\000l}{}% 49
